<?xml version="1.0" encoding="UTF-8"?>
<!-- Generated by org.testng.reporters.JUnitXMLReporter -->
<testsuite ignored="2" hostname="MSI" failures="0" tests="0" time="0.009" errors="0" timestamp="2024-07-04T11:45:40 CEST">
  <testcase classname="gianluca.tests.ErrorValidations" name="ProductErrorValidations" time="0.0">
    <ignored/>
  </testcase> <!-- ProductErrorValidations -->
  <testcase classname="gianluca.tests.ErrorValidations" name="subMitOrder" time="0.0">
    <ignored/>
  </testcase> <!-- subMitOrder -->
</testsuite>
