<?xml version="1.0" encoding="UTF-8"?>
<!-- Generated by org.testng.reporters.JUnitXMLReporter -->
<testsuite ignored="1" hostname="MSI" failures="0" tests="2" name="SubMiti Order test" time="17.209" errors="0" timestamp="2024-07-04T11:45:57 CEST">
  <testcase classname="gianluca.tests.SubMitOrderTest2" name="subMitOrder2" time="3.709"/>
  <testcase classname="gianluca.tests.SubMitOrderTest2" name="subMitOrder2" time="3.694"/>
  <testcase classname="gianluca.tests.SubMitOrderTest2" name="OrderHistoryTest" time="0.0">
    <ignored/>
  </testcase> <!-- OrderHistoryTest -->
</testsuite> <!-- SubMiti Order test -->
