<?xml version="1.0" encoding="UTF-8"?>
<!-- Generated by org.testng.reporters.JUnitXMLReporter -->
<testsuite ignored="0" hostname="MSI" failures="0" tests="3" name="SubMiti Order test" time="21.749" errors="0" timestamp="2024-07-15T12:32:31 CEST">
  <testcase classname="gianluca.tests.SubMitOrderTest2" name="subMitOrder2" time="3.516"/>
  <testcase classname="gianluca.tests.SubMitOrderTest2" name="subMitOrder2" time="3.513"/>
  <testcase classname="gianluca.tests.SubMitOrderTest2" name="OrderHistoryTest" time="0.819"/>
</testsuite> <!-- SubMiti Order test -->
